[2026-05-02 16:13:19,220] 1025- INFO - HTTP Request: POST https://dagshub.com/login/oauth/middleman "HTTP/1.1 200 OK"
[2026-05-02 16:13:19,764] 1025- INFO - HTTP Request: POST https://dagshub.com/login/oauth/access_token "HTTP/1.1 200 OK"
[2026-05-02 16:13:20,317] 1025- INFO - HTTP Request: GET https://dagshub.com/api/v1/user "HTTP/1.1 200 OK"
[2026-05-02 16:13:20,321] 107- INFO - Accessing as hamzaa.arifii
[2026-05-02 16:13:20,923] 1025- INFO - HTTP Request: GET https://dagshub.com/api/v1/repos/hamzaa.arifii/networksecurity "HTTP/1.1 200 OK"
[2026-05-02 16:13:21,477] 1025- INFO - HTTP Request: GET https://dagshub.com/api/v1/user "HTTP/1.1 200 OK"
[2026-05-02 16:13:21,478] 107- INFO - Initialized MLflow to track repo "hamzaa.arifii/networksecurity"
[2026-05-02 16:13:21,478] 107- INFO - Repository hamzaa.arifii/networksecurity initialized!
[2026-05-02 16:13:21,479] 21- INFO - Initiated the data ingestion component
[2026-05-02 16:13:23,211] 65- INFO - Performed train test split on the data
[2026-05-02 16:13:23,212] 70- INFO - Exporting training data to file path: Artifacts/2026-05-02-16-12-49/data_ingestion/ingested/train.csv
[2026-05-02 16:13:23,238] 73- INFO - Exporting testing data to file path: Artifacts/2026-05-02-16-12-49/data_ingestion/ingested/test.csv
[2026-05-02 16:13:23,244] 23- INFO - Completed the data ingestion component
[2026-05-02 16:13:23,248] 28- INFO - Initiated the data validation component
[2026-05-02 16:13:23,260] 32- INFO - Required number of columns: 31
[2026-05-02 16:13:23,260] 33- INFO - Number of columns in dataframe: 31
[2026-05-02 16:13:23,260] 32- INFO - Required number of columns: 31
[2026-05-02 16:13:23,260] 33- INFO - Number of columns in dataframe: 31
[2026-05-02 16:13:23,349] 30- INFO - Completed the data validation component
[2026-05-02 16:13:23,349] 35- INFO - Initiated the data transformation component
[2026-05-02 16:13:23,349] 61- INFO - Entered initiate_data_transformation method of DataTransformation class
[2026-05-02 16:13:23,349] 63- INFO - Starting data transformation
[2026-05-02 16:13:23,360] 46- INFO - Entered get_data_trnasformer_object method of Trnasformation class
[2026-05-02 16:13:23,360] 51- INFO - Initialise KNNImputer with {'missing_values': nan, 'n_neighbors': 3, 'weights': 'uniform'}
[2026-05-02 16:13:23,371] 46- INFO - Entered the save_object method of MainUtils class
[2026-05-02 16:13:23,376] 50- INFO - Exited the save_object method of MainUtils class
[2026-05-02 16:13:23,377] 46- INFO - Entered the save_object method of MainUtils class
[2026-05-02 16:13:23,382] 50- INFO - Exited the save_object method of MainUtils class
[2026-05-02 16:13:23,382] 39- INFO - Completed the data transformation component
[2026-05-02 16:13:23,382] 41- INFO - Model Training sstared
[2026-05-02 16:15:42,820] 57- INFO - Entered the load_object method of MainUtils class
[2026-05-02 16:15:42,823] 46- INFO - Entered the save_object method of MainUtils class
[2026-05-02 16:15:42,823] 50- INFO - Exited the save_object method of MainUtils class
[2026-05-02 16:15:42,823] 46- INFO - Entered the save_object method of MainUtils class
[2026-05-02 16:15:42,862] 50- INFO - Exited the save_object method of MainUtils class
[2026-05-02 16:15:42,863] 137- INFO - Model trainer artifact: ModelTrainerArtifact(trained_model_file_path='Artifacts/2026-05-02-16-12-49/model_trainer/trained_model/model.pkl', train_metric_artifact=ClassificationMetricArtifact(f1_score=0.9915573186857899, precision_score=0.9888415500101441, recall_score=0.9942880456956344), test_metric_artifact=ClassificationMetricArtifact(f1_score=0.9719699960521121, precision_score=0.9632237871674492, recall_score=0.9808764940239044))
[2026-05-02 16:15:42,863] 46- INFO - Model Training artifact created
