[2026-05-02 16:50:43,639] 1025- INFO - HTTP Request: GET https://dagshub.com/api/v1/user "HTTP/1.1 200 OK"
[2026-05-02 16:50:43,650] 107- INFO - Accessing as hamzaa.arifii
[2026-05-02 16:50:44,253] 1025- INFO - HTTP Request: GET https://dagshub.com/api/v1/repos/hamzaa.arifii/networksecurity "HTTP/1.1 200 OK"
[2026-05-02 16:50:44,818] 1025- INFO - HTTP Request: GET https://dagshub.com/api/v1/user "HTTP/1.1 200 OK"
[2026-05-02 16:50:44,819] 107- INFO - Initialized MLflow to track repo "hamzaa.arifii/networksecurity"
[2026-05-02 16:50:44,819] 107- INFO - Repository hamzaa.arifii/networksecurity initialized!
[2026-05-02 16:51:18,520] 34- INFO - Starting data ingestion
[2026-05-02 16:51:20,510] 65- INFO - Performed train test split on the data
[2026-05-02 16:51:20,511] 70- INFO - Exporting training data to file path: Artifacts/2026-05-02-16-50-41/data_ingestion/ingested/train.csv
[2026-05-02 16:51:20,540] 73- INFO - Exporting testing data to file path: Artifacts/2026-05-02-16-50-41/data_ingestion/ingested/test.csv
[2026-05-02 16:51:20,548] 37- INFO - Completed data ingestion
[2026-05-02 16:51:20,553] 46- INFO - Initiate the data Validation
[2026-05-02 16:51:20,567] 32- INFO - Required number of columns: 31
[2026-05-02 16:51:20,567] 33- INFO - Number of columns in dataframe: 31
[2026-05-02 16:51:20,567] 32- INFO - Required number of columns: 31
[2026-05-02 16:51:20,567] 33- INFO - Number of columns in dataframe: 31
[2026-05-02 16:51:20,678] 61- INFO - Entered initiate_data_transformation method of DataTransformation class
[2026-05-02 16:51:20,678] 63- INFO - Starting data transformation
[2026-05-02 16:51:20,694] 46- INFO - Entered get_data_trnasformer_object method of Trnasformation class
[2026-05-02 16:51:20,695] 51- INFO - Initialise KNNImputer with {'missing_values': nan, 'n_neighbors': 3, 'weights': 'uniform'}
[2026-05-02 16:51:20,705] 46- INFO - Entered the save_object method of MainUtils class
[2026-05-02 16:51:20,709] 50- INFO - Exited the save_object method of MainUtils class
[2026-05-02 16:51:20,709] 46- INFO - Entered the save_object method of MainUtils class
[2026-05-02 16:51:20,715] 50- INFO - Exited the save_object method of MainUtils class
[2026-05-02 16:53:53,695] 57- INFO - Entered the load_object method of MainUtils class
[2026-05-02 16:53:53,698] 46- INFO - Entered the save_object method of MainUtils class
[2026-05-02 16:53:53,698] 50- INFO - Exited the save_object method of MainUtils class
[2026-05-02 16:53:53,698] 46- INFO - Entered the save_object method of MainUtils class
[2026-05-02 16:53:53,762] 50- INFO - Exited the save_object method of MainUtils class
[2026-05-02 16:53:53,762] 137- INFO - Model trainer artifact: ModelTrainerArtifact(trained_model_file_path='Artifacts/2026-05-02-16-50-41/model_trainer/trained_model/model.pkl', train_metric_artifact=ClassificationMetricArtifact(f1_score=0.9915504428382368, precision_score=0.9896362527941476, recall_score=0.9934720522235823), test_metric_artifact=ClassificationMetricArtifact(f1_score=0.9715639810426541, precision_score=0.9631949882537196, recall_score=0.9800796812749004))
[2026-05-02 16:55:20,157] 34- INFO - Starting data ingestion
[2026-05-02 16:55:21,853] 65- INFO - Performed train test split on the data
[2026-05-02 16:55:21,853] 70- INFO - Exporting training data to file path: Artifacts/2026-05-02-16-50-41/data_ingestion/ingested/train.csv
[2026-05-02 16:55:21,888] 73- INFO - Exporting testing data to file path: Artifacts/2026-05-02-16-50-41/data_ingestion/ingested/test.csv
[2026-05-02 16:55:21,896] 37- INFO - Completed data ingestion
[2026-05-02 16:55:21,899] 46- INFO - Initiate the data Validation
[2026-05-02 16:55:21,910] 32- INFO - Required number of columns: 31
[2026-05-02 16:55:21,910] 33- INFO - Number of columns in dataframe: 31
[2026-05-02 16:55:21,910] 32- INFO - Required number of columns: 31
[2026-05-02 16:55:21,910] 33- INFO - Number of columns in dataframe: 31
[2026-05-02 16:55:22,006] 61- INFO - Entered initiate_data_transformation method of DataTransformation class
[2026-05-02 16:55:22,006] 63- INFO - Starting data transformation
[2026-05-02 16:55:22,019] 46- INFO - Entered get_data_trnasformer_object method of Trnasformation class
[2026-05-02 16:55:22,019] 51- INFO - Initialise KNNImputer with {'missing_values': nan, 'n_neighbors': 3, 'weights': 'uniform'}
[2026-05-02 16:55:22,030] 46- INFO - Entered the save_object method of MainUtils class
[2026-05-02 16:55:22,038] 50- INFO - Exited the save_object method of MainUtils class
[2026-05-02 16:55:22,038] 46- INFO - Entered the save_object method of MainUtils class
[2026-05-02 16:55:22,043] 50- INFO - Exited the save_object method of MainUtils class
[2026-05-02 16:57:40,525] 57- INFO - Entered the load_object method of MainUtils class
[2026-05-02 16:57:40,526] 46- INFO - Entered the save_object method of MainUtils class
[2026-05-02 16:57:40,527] 50- INFO - Exited the save_object method of MainUtils class
[2026-05-02 16:57:40,527] 46- INFO - Entered the save_object method of MainUtils class
[2026-05-02 16:57:40,566] 50- INFO - Exited the save_object method of MainUtils class
[2026-05-02 16:57:40,566] 137- INFO - Model trainer artifact: ModelTrainerArtifact(trained_model_file_path='Artifacts/2026-05-02-16-50-41/model_trainer/trained_model/model.pkl', train_metric_artifact=ClassificationMetricArtifact(f1_score=0.9915487221260564, precision_score=0.9898353323846311, recall_score=0.9932680538555692), test_metric_artifact=ClassificationMetricArtifact(f1_score=0.9714964370546318, precision_score=0.9653815892997639, recall_score=0.9776892430278884))
