[2026-05-02 15:20:17,167] 21- INFO - Initiated the data ingestion component
[2026-05-02 15:20:17,245] 65- INFO - Performed train test split on the data
[2026-05-02 15:20:17,246] 70- INFO - Exporting training data to file path: Artifacts/2026-05-02-15-20-15/data_ingestion/ingested/train.csv
[2026-05-02 15:20:17,273] 73- INFO - Exporting testing data to file path: Artifacts/2026-05-02-15-20-15/data_ingestion/ingested/test.csv
[2026-05-02 15:20:17,280] 23- INFO - Completed the data ingestion component
[2026-05-02 15:20:17,283] 28- INFO - Initiated the data validation component
[2026-05-02 15:20:17,292] 32- INFO - Required number of columns: 31
[2026-05-02 15:20:17,293] 33- INFO - Number of columns in dataframe: 31
[2026-05-02 15:20:17,293] 32- INFO - Required number of columns: 31
[2026-05-02 15:20:17,293] 33- INFO - Number of columns in dataframe: 31
[2026-05-02 15:20:17,376] 30- INFO - Completed the data validation component
[2026-05-02 15:20:17,376] 35- INFO - Initiated the data transformation component
[2026-05-02 15:20:17,377] 61- INFO - Entered initiate_data_transformation method of DataTransformation class
[2026-05-02 15:20:17,377] 63- INFO - Starting data transformation
[2026-05-02 15:20:17,387] 46- INFO - Entered get_data_trnasformer_object method of Trnasformation class
[2026-05-02 15:20:17,387] 51- INFO - Initialise KNNImputer with {'missing_values': nan, 'n_neighbors': 3, 'weights': 'uniform'}
[2026-05-02 15:20:17,395] 46- INFO - Entered the save_object method of MainUtils class
[2026-05-02 15:20:17,400] 50- INFO - Exited the save_object method of MainUtils class
[2026-05-02 15:20:17,400] 46- INFO - Entered the save_object method of MainUtils class
[2026-05-02 15:20:17,404] 50- INFO - Exited the save_object method of MainUtils class
[2026-05-02 15:20:17,405] 39- INFO - Completed the data transformation component
[2026-05-02 15:20:17,405] 41- INFO - Model Training sstared
[2026-05-02 15:22:21,485] 57- INFO - Entered the load_object method of MainUtils class
[2026-05-02 15:22:21,487] 46- INFO - Entered the save_object method of MainUtils class
[2026-05-02 15:22:21,487] 50- INFO - Exited the save_object method of MainUtils class
[2026-05-02 15:22:21,487] 46- INFO - Entered the save_object method of MainUtils class
[2026-05-02 15:22:21,541] 50- INFO - Exited the save_object method of MainUtils class
[2026-05-02 15:22:21,541] 117- INFO - Model trainer artifact: ModelTrainerArtifact(trained_model_file_path='Artifacts/2026-05-02-15-20-15/model_trainer/trained_model/model.pkl', train_metric_artifact=ClassificationMetricArtifact(f1_score=0.9915573186857899, precision_score=0.9888415500101441, recall_score=0.9942880456956344), test_metric_artifact=ClassificationMetricArtifact(f1_score=0.9707971586424625, precision_score=0.9616888193901486, recall_score=0.9800796812749004))
[2026-05-02 15:22:21,542] 46- INFO - Model Training artifact created
