[2026-05-02 15:16:12,758] 21- INFO - Initiated the data ingestion component
[2026-05-02 15:16:12,887] 65- INFO - Performed train test split on the data
[2026-05-02 15:16:12,888] 70- INFO - Exporting training data to file path: Artifacts/2026-05-02-15-16-11/data_ingestion/ingested/train.csv
[2026-05-02 15:16:12,914] 73- INFO - Exporting testing data to file path: Artifacts/2026-05-02-15-16-11/data_ingestion/ingested/test.csv
[2026-05-02 15:16:12,920] 23- INFO - Completed the data ingestion component
[2026-05-02 15:16:12,923] 28- INFO - Initiated the data validation component
[2026-05-02 15:16:12,933] 32- INFO - Required number of columns: 31
[2026-05-02 15:16:12,933] 33- INFO - Number of columns in dataframe: 31
[2026-05-02 15:16:12,933] 32- INFO - Required number of columns: 31
[2026-05-02 15:16:12,933] 33- INFO - Number of columns in dataframe: 31
[2026-05-02 15:16:13,020] 30- INFO - Completed the data validation component
[2026-05-02 15:16:13,020] 35- INFO - Initiated the data transformation component
[2026-05-02 15:16:13,020] 61- INFO - Entered initiate_data_transformation method of DataTransformation class
[2026-05-02 15:16:13,020] 63- INFO - Starting data transformation
[2026-05-02 15:16:13,030] 46- INFO - Entered get_data_trnasformer_object method of Trnasformation class
[2026-05-02 15:16:13,030] 51- INFO - Initialise KNNImputer with {'missing_values': nan, 'n_neighbors': 3, 'weights': 'uniform'}
[2026-05-02 15:16:13,039] 46- INFO - Entered the save_object method of MainUtils class
[2026-05-02 15:16:13,044] 50- INFO - Exited the save_object method of MainUtils class
[2026-05-02 15:16:13,044] 46- INFO - Entered the save_object method of MainUtils class
[2026-05-02 15:16:13,048] 50- INFO - Exited the save_object method of MainUtils class
[2026-05-02 15:16:13,049] 39- INFO - Completed the data transformation component
[2026-05-02 15:16:13,049] 41- INFO - Model Training sstared
